[LOG] Trying to establish connection to the serial port. // 2019/9/12 --- 11:4:56
[LOG] Connection to the serial port established. // 2019/9/12 --- 11:4:56
[LOG] Port used: /dev/ttyACM1 // 2019/9/12 --- 11:4:56
[LOG] Selected file: /home/henryrocha/pCloudDrive/Insper/4o Semestre/Camada Física da Computação/CamadaFisica/Projeto4/ztest.py // 2019/9/12 --- 11:4:59
[LOG] File size: 1269 bytes // 2019/9/12 --- 11:4:59
[LOG] Sent TYPE1. // 2019/9/12 --- 11:4:59
[LOG] Waiting for TYPE2. // 2019/9/12 --- 11:4:59
[LOG] Sent TYPE3. Packet 1/10. // 2019/9/12 --- 11:4:59
[LOG] Waiting for TYPE4. // 2019/9/12 --- 11:4:59
[LOG] Sent TYPE3. Packet 2/10. // 2019/9/12 --- 11:4:59
[LOG] Waiting for TYPE4. // 2019/9/12 --- 11:4:59
[LOG] Sent TYPE3. Packet 3/10. // 2019/9/12 --- 11:5:0
[LOG] Waiting for TYPE4. // 2019/9/12 --- 11:5:0
[LOG] Sent TYPE3. Packet 4/10. // 2019/9/12 --- 11:5:0
[LOG] Waiting for TYPE4. // 2019/9/12 --- 11:5:0
[LOG] Sent TYPE3. Packet 5/10. // 2019/9/12 --- 11:5:0
[LOG] Waiting for TYPE4. // 2019/9/12 --- 11:5:0
[LOG] Sent TYPE3. Packet 6/10. // 2019/9/12 --- 11:5:0
[LOG] Waiting for TYPE4. // 2019/9/12 --- 11:5:0
[LOG] Sent TYPE3. Packet 7/10. // 2019/9/12 --- 11:5:0
[LOG] Waiting for TYPE4. // 2019/9/12 --- 11:5:0
[LOG] Sent TYPE3. Packet 8/10. // 2019/9/12 --- 11:5:0
[LOG] Waiting for TYPE4. // 2019/9/12 --- 11:5:0
[LOG] Sent TYPE3. Packet 9/10. // 2019/9/12 --- 11:5:0
[LOG] Waiting for TYPE4. // 2019/9/12 --- 11:5:0
[LOG] Sent TYPE3. Packet 10/10. // 2019/9/12 --- 11:5:0
[LOG] Waiting for TYPE4. // 2019/9/12 --- 11:5:0
[LOG] File sent sucessfully. // 2019/9/12 --- 11:5:0
[LOG] Selected file: /home/henryrocha/pCloudDrive/Insper/4o Semestre/Camada Física da Computação/CamadaFisica/Projeto4/justdoit.png // 2019/9/12 --- 11:5:13
[LOG] File size: 38518 bytes // 2019/9/12 --- 11:5:13
[LOG] Sent TYPE1. // 2019/9/12 --- 11:5:13
[LOG] Waiting for TYPE2. // 2019/9/12 --- 11:5:13
[LOG] Sent TYPE3. Packet 1/301. // 2019/9/12 --- 11:5:13
[LOG] Waiting for TYPE4. // 2019/9/12 --- 11:5:13
[LOG] Sent TYPE3. Packet 2/301. // 2019/9/12 --- 11:5:13
[LOG] Waiting for TYPE4. // 2019/9/12 --- 11:5:13
[LOG] Sent TYPE3. Packet 3/301. // 2019/9/12 --- 11:5:13
[LOG] Waiting for TYPE4. // 2019/9/12 --- 11:5:13
[LOG] Sent TYPE3. Packet 4/301. // 2019/9/12 --- 11:5:13
[LOG] Waiting for TYPE4. // 2019/9/12 --- 11:5:14
[LOG] Sent TYPE3. Packet 5/301. // 2019/9/12 --- 11:5:14
[LOG] Waiting for TYPE4. // 2019/9/12 --- 11:5:14
[LOG] Sent TYPE3. Packet 6/301. // 2019/9/12 --- 11:5:14
[LOG] Waiting for TYPE4. // 2019/9/12 --- 11:5:14
[LOG] Sent TYPE3. Packet 7/301. // 2019/9/12 --- 11:5:14
[LOG] Waiting for TYPE4. // 2019/9/12 --- 11:5:14
[LOG] Sent TYPE3. Packet 8/301. // 2019/9/12 --- 11:5:14
[LOG] Waiting for TYPE4. // 2019/9/12 --- 11:5:14
[LOG] Sent TYPE3. Packet 9/301. // 2019/9/12 --- 11:5:14
[LOG] Waiting for TYPE4. // 2019/9/12 --- 11:5:14
[LOG] Sent TYPE3. Packet 10/301. // 2019/9/12 --- 11:5:14
[LOG] Waiting for TYPE4. // 2019/9/12 --- 11:5:14
[LOG] Sent TYPE3. Packet 11/301. // 2019/9/12 --- 11:5:14
[LOG] Waiting for TYPE4. // 2019/9/12 --- 11:5:14
[LOG] Sent TYPE3. Packet 12/301. // 2019/9/12 --- 11:5:14
[LOG] Waiting for TYPE4. // 2019/9/12 --- 11:5:15
[LOG] Sent TYPE3. Packet 13/301. // 2019/9/12 --- 11:5:15
[LOG] Waiting for TYPE4. // 2019/9/12 --- 11:5:15
[LOG] Sent TYPE3. Packet 14/301. // 2019/9/12 --- 11:5:15
[LOG] Waiting for TYPE4. // 2019/9/12 --- 11:5:15
[LOG] Sent TYPE3. Packet 15/301. // 2019/9/12 --- 11:5:15
[LOG] Waiting for TYPE4. // 2019/9/12 --- 11:5:15
[LOG] Sent TYPE3. Packet 16/301. // 2019/9/12 --- 11:5:15
[LOG] Waiting for TYPE4. // 2019/9/12 --- 11:5:15
[LOG] Sent TYPE3. Packet 17/301. // 2019/9/12 --- 11:5:15
[LOG] Waiting for TYPE4. // 2019/9/12 --- 11:5:15
[LOG] Sent TYPE3. Packet 18/301. // 2019/9/12 --- 11:5:15
[LOG] Waiting for TYPE4. // 2019/9/12 --- 11:5:15
[LOG] Sent TYPE3. Packet 19/301. // 2019/9/12 --- 11:5:15
[LOG] Waiting for TYPE4. // 2019/9/12 --- 11:5:15
[LOG] Sent TYPE3. Packet 20/301. // 2019/9/12 --- 11:5:15
[LOG] Waiting for TYPE4. // 2019/9/12 --- 11:5:15
[LOG] Sent TYPE3. Packet 21/301. // 2019/9/12 --- 11:5:16
[LOG] Waiting for TYPE4. // 2019/9/12 --- 11:5:16
[LOG] Sent TYPE3. Packet 22/301. // 2019/9/12 --- 11:5:16
[LOG] Waiting for TYPE4. // 2019/9/12 --- 11:5:16
[LOG] Sent TYPE3. Packet 23/301. // 2019/9/12 --- 11:5:16
[LOG] Waiting for TYPE4. // 2019/9/12 --- 11:5:16
[LOG] Sent TYPE3. Packet 24/301. // 2019/9/12 --- 11:5:16
[LOG] Waiting for TYPE4. // 2019/9/12 --- 11:5:16
[LOG] Sent TYPE3. Packet 25/301. // 2019/9/12 --- 11:5:16
[LOG] Waiting for TYPE4. // 2019/9/12 --- 11:5:16
[LOG] Sent TYPE3. Packet 26/301. // 2019/9/12 --- 11:5:16
[LOG] Waiting for TYPE4. // 2019/9/12 --- 11:5:16
[LOG] Sent TYPE3. Packet 27/301. // 2019/9/12 --- 11:5:16
[LOG] Waiting for TYPE4. // 2019/9/12 --- 11:5:16
[LOG] Sent TYPE3. Packet 28/301. // 2019/9/12 --- 11:5:17
[LOG] Waiting for TYPE4. // 2019/9/12 --- 11:5:17
[LOG] Sent TYPE3. Packet 29/301. // 2019/9/12 --- 11:5:17
[LOG] Waiting for TYPE4. // 2019/9/12 --- 11:5:17
[LOG] Sent TYPE3. Packet 30/301. // 2019/9/12 --- 11:5:17
[LOG] Waiting for TYPE4. // 2019/9/12 --- 11:5:17
[LOG] Sent TYPE3. Packet 31/301. // 2019/9/12 --- 11:5:17
[LOG] Waiting for TYPE4. // 2019/9/12 --- 11:5:17
[LOG] Sent TYPE3. Packet 32/301. // 2019/9/12 --- 11:5:17
[LOG] Waiting for TYPE4. // 2019/9/12 --- 11:5:17
[LOG] Sent TYPE3. Packet 33/301. // 2019/9/12 --- 11:5:17
[LOG] Waiting for TYPE4. // 2019/9/12 --- 11:5:17
[LOG] Sent TYPE3. Packet 34/301. // 2019/9/12 --- 11:5:17
[LOG] Waiting for TYPE4. // 2019/9/12 --- 11:5:17
[LOG] Sent TYPE3. Packet 35/301. // 2019/9/12 --- 11:5:17
[LOG] Waiting for TYPE4. // 2019/9/12 --- 11:5:17
[LOG] Sent TYPE3. Packet 36/301. // 2019/9/12 --- 11:5:17
[LOG] Waiting for TYPE4. // 2019/9/12 --- 11:5:18
[LOG] Sent TYPE3. Packet 37/301. // 2019/9/12 --- 11:5:18
[LOG] Waiting for TYPE4. // 2019/9/12 --- 11:5:18
[LOG] Sent TYPE3. Packet 38/301. // 2019/9/12 --- 11:5:18
[LOG] Waiting for TYPE4. // 2019/9/12 --- 11:5:18
[LOG] Sent TYPE3. Packet 39/301. // 2019/9/12 --- 11:5:18
[LOG] Waiting for TYPE4. // 2019/9/12 --- 11:5:18
[LOG] Sent TYPE3. Packet 40/301. // 2019/9/12 --- 11:5:18
[LOG] Waiting for TYPE4. // 2019/9/12 --- 11:5:18
[LOG] Sent TYPE3. Packet 41/301. // 2019/9/12 --- 11:5:18
[LOG] Waiting for TYPE4. // 2019/9/12 --- 11:5:18
[LOG] Sent TYPE3. Packet 42/301. // 2019/9/12 --- 11:5:18
[LOG] Waiting for TYPE4. // 2019/9/12 --- 11:5:18
[LOG] Sent TYPE3. Packet 43/301. // 2019/9/12 --- 11:5:18
[LOG] Waiting for TYPE4. // 2019/9/12 --- 11:5:18
[LOG] Sent TYPE3. Packet 44/301. // 2019/9/12 --- 11:5:19
[LOG] Waiting for TYPE4. // 2019/9/12 --- 11:5:19
[LOG] Sent TYPE3. Packet 45/301. // 2019/9/12 --- 11:5:19
[LOG] Waiting for TYPE4. // 2019/9/12 --- 11:5:19
[LOG] Sent TYPE3. Packet 46/301. // 2019/9/12 --- 11:5:19
[LOG] Waiting for TYPE4. // 2019/9/12 --- 11:5:19
[LOG] Sent TYPE3. Packet 47/301. // 2019/9/12 --- 11:5:19
[LOG] Waiting for TYPE4. // 2019/9/12 --- 11:5:19
[LOG] Sent TYPE3. Packet 48/301. // 2019/9/12 --- 11:5:19
[LOG] Waiting for TYPE4. // 2019/9/12 --- 11:5:19
[LOG] Sent TYPE3. Packet 49/301. // 2019/9/12 --- 11:5:19
[LOG] Waiting for TYPE4. // 2019/9/12 --- 11:5:19
[LOG] Sent TYPE3. Packet 50/301. // 2019/9/12 --- 11:5:19
[LOG] Waiting for TYPE4. // 2019/9/12 --- 11:5:19
[LOG] Sent TYPE3. Packet 51/301. // 2019/9/12 --- 11:5:19
[LOG] Waiting for TYPE4. // 2019/9/12 --- 11:5:19
[LOG] Sent TYPE3. Packet 52/301. // 2019/9/12 --- 11:5:19
[LOG] Waiting for TYPE4. // 2019/9/12 --- 11:5:20
[LOG] Sent TYPE3. Packet 53/301. // 2019/9/12 --- 11:5:20
[LOG] Waiting for TYPE4. // 2019/9/12 --- 11:5:20
[LOG] Sent TYPE3. Packet 54/301. // 2019/9/12 --- 11:5:20
[LOG] Waiting for TYPE4. // 2019/9/12 --- 11:5:20
[LOG] Sent TYPE3. Packet 55/301. // 2019/9/12 --- 11:5:20
[LOG] Waiting for TYPE4. // 2019/9/12 --- 11:5:20
[LOG] Sent TYPE3. Packet 56/301. // 2019/9/12 --- 11:5:20
[LOG] Waiting for TYPE4. // 2019/9/12 --- 11:5:20
[LOG] Sent TYPE3. Packet 57/301. // 2019/9/12 --- 11:5:20
[LOG] Waiting for TYPE4. // 2019/9/12 --- 11:5:20
[LOG] Sent TYPE3. Packet 58/301. // 2019/9/12 --- 11:5:20
[LOG] Waiting for TYPE4. // 2019/9/12 --- 11:5:20
[LOG] Sent TYPE3. Packet 59/301. // 2019/9/12 --- 11:5:20
[LOG] Waiting for TYPE4. // 2019/9/12 --- 11:5:20
[LOG] Sent TYPE3. Packet 60/301. // 2019/9/12 --- 11:5:21
[LOG] Waiting for TYPE4. // 2019/9/12 --- 11:5:21
[LOG] Sent TYPE3. Packet 61/301. // 2019/9/12 --- 11:5:21
[LOG] Waiting for TYPE4. // 2019/9/12 --- 11:5:21
[LOG] Sent TYPE3. Packet 62/301. // 2019/9/12 --- 11:5:21
[LOG] Waiting for TYPE4. // 2019/9/12 --- 11:5:21
[LOG] Sent TYPE3. Packet 63/301. // 2019/9/12 --- 11:5:21
[LOG] Waiting for TYPE4. // 2019/9/12 --- 11:5:21
[LOG] Sent TYPE3. Packet 64/301. // 2019/9/12 --- 11:5:21
[LOG] Waiting for TYPE4. // 2019/9/12 --- 11:5:21
[LOG] Sent TYPE3. Packet 65/301. // 2019/9/12 --- 11:5:21
[LOG] Waiting for TYPE4. // 2019/9/12 --- 11:5:21
[LOG] Sent TYPE3. Packet 66/301. // 2019/9/12 --- 11:5:21
[LOG] Waiting for TYPE4. // 2019/9/12 --- 11:5:21
[LOG] Sent TYPE3. Packet 67/301. // 2019/9/12 --- 11:5:21
[LOG] Waiting for TYPE4. // 2019/9/12 --- 11:5:22
[LOG] Sent TYPE3. Packet 68/301. // 2019/9/12 --- 11:5:22
[LOG] Waiting for TYPE4. // 2019/9/12 --- 11:5:22
[LOG] Sent TYPE3. Packet 69/301. // 2019/9/12 --- 11:5:22
[LOG] Waiting for TYPE4. // 2019/9/12 --- 11:5:22
[LOG] Sent TYPE3. Packet 70/301. // 2019/9/12 --- 11:5:22
[LOG] Waiting for TYPE4. // 2019/9/12 --- 11:5:22
[LOG] Sent TYPE3. Packet 71/301. // 2019/9/12 --- 11:5:22
[LOG] Waiting for TYPE4. // 2019/9/12 --- 11:5:22
[LOG] Sent TYPE3. Packet 72/301. // 2019/9/12 --- 11:5:22
[LOG] Waiting for TYPE4. // 2019/9/12 --- 11:5:22
[LOG] Sent TYPE3. Packet 73/301. // 2019/9/12 --- 11:5:22
[LOG] Waiting for TYPE4. // 2019/9/12 --- 11:5:22
[LOG] Sent TYPE3. Packet 74/301. // 2019/9/12 --- 11:5:22
[LOG] Waiting for TYPE4. // 2019/9/12 --- 11:5:22
[LOG] Sent TYPE3. Packet 75/301. // 2019/9/12 --- 11:5:22
[LOG] Waiting for TYPE4. // 2019/9/12 --- 11:5:23
[LOG] Sent TYPE3. Packet 76/301. // 2019/9/12 --- 11:5:23
[LOG] Waiting for TYPE4. // 2019/9/12 --- 11:5:23
[LOG] Sent TYPE3. Packet 77/301. // 2019/9/12 --- 11:5:23
[LOG] Waiting for TYPE4. // 2019/9/12 --- 11:5:23
[LOG] Sent TYPE3. Packet 78/301. // 2019/9/12 --- 11:5:23
[LOG] Waiting for TYPE4. // 2019/9/12 --- 11:5:23
[LOG] Sent TYPE3. Packet 79/301. // 2019/9/12 --- 11:5:23
[LOG] Waiting for TYPE4. // 2019/9/12 --- 11:5:23
[LOG] Sent TYPE3. Packet 80/301. // 2019/9/12 --- 11:5:23
[LOG] Waiting for TYPE4. // 2019/9/12 --- 11:5:23
[LOG] Sent TYPE3. Packet 81/301. // 2019/9/12 --- 11:5:23
[LOG] Waiting for TYPE4. // 2019/9/12 --- 11:5:23
[LOG] Sent TYPE3. Packet 82/301. // 2019/9/12 --- 11:5:23
[LOG] Waiting for TYPE4. // 2019/9/12 --- 11:5:23
[LOG] Sent TYPE3. Packet 83/301. // 2019/9/12 --- 11:5:23
[LOG] Waiting for TYPE4. // 2019/9/12 --- 11:5:23
[LOG] Sent TYPE3. Packet 84/301. // 2019/9/12 --- 11:5:24
[LOG] Waiting for TYPE4. // 2019/9/12 --- 11:5:24
[LOG] Sent TYPE3. Packet 85/301. // 2019/9/12 --- 11:5:24
[LOG] Waiting for TYPE4. // 2019/9/12 --- 11:5:24
[LOG] Sent TYPE3. Packet 86/301. // 2019/9/12 --- 11:5:24
[LOG] Waiting for TYPE4. // 2019/9/12 --- 11:5:24
[LOG] Sent TYPE3. Packet 87/301. // 2019/9/12 --- 11:5:24
[LOG] Waiting for TYPE4. // 2019/9/12 --- 11:5:24
[LOG] Sent TYPE3. Packet 88/301. // 2019/9/12 --- 11:5:24
[LOG] Waiting for TYPE4. // 2019/9/12 --- 11:5:24
[LOG] Sent TYPE3. Packet 89/301. // 2019/9/12 --- 11:5:24
[LOG] Waiting for TYPE4. // 2019/9/12 --- 11:5:24
[LOG] Sent TYPE3. Packet 90/301. // 2019/9/12 --- 11:5:24
[LOG] Waiting for TYPE4. // 2019/9/12 --- 11:5:24
[LOG] Sent TYPE3. Packet 91/301. // 2019/9/12 --- 11:5:24
[LOG] Waiting for TYPE4. // 2019/9/12 --- 11:5:25
[LOG] Sent TYPE3. Packet 92/301. // 2019/9/12 --- 11:5:25
[LOG] Waiting for TYPE4. // 2019/9/12 --- 11:5:25
[LOG] Sent TYPE3. Packet 93/301. // 2019/9/12 --- 11:5:25
[LOG] Waiting for TYPE4. // 2019/9/12 --- 11:5:25
[LOG] Sent TYPE3. Packet 94/301. // 2019/9/12 --- 11:5:25
[LOG] Waiting for TYPE4. // 2019/9/12 --- 11:5:25
[LOG] Sent TYPE3. Packet 95/301. // 2019/9/12 --- 11:5:25
[LOG] Waiting for TYPE4. // 2019/9/12 --- 11:5:25
[LOG] Sent TYPE3. Packet 96/301. // 2019/9/12 --- 11:5:25
[LOG] Waiting for TYPE4. // 2019/9/12 --- 11:5:25
[LOG] Sent TYPE3. Packet 97/301. // 2019/9/12 --- 11:5:25
[LOG] Waiting for TYPE4. // 2019/9/12 --- 11:5:25
[LOG] Sent TYPE3. Packet 98/301. // 2019/9/12 --- 11:5:25
[LOG] Waiting for TYPE4. // 2019/9/12 --- 11:5:25
[LOG] Sent TYPE3. Packet 99/301. // 2019/9/12 --- 11:5:26
[LOG] Waiting for TYPE4. // 2019/9/12 --- 11:5:26
[LOG] Sent TYPE3. Packet 100/301. // 2019/9/12 --- 11:5:26
[LOG] Waiting for TYPE4. // 2019/9/12 --- 11:5:26
[LOG] Sent TYPE3. Packet 101/301. // 2019/9/12 --- 11:5:26
[LOG] Waiting for TYPE4. // 2019/9/12 --- 11:5:26
[LOG] Sent TYPE3. Packet 102/301. // 2019/9/12 --- 11:5:26
[LOG] Waiting for TYPE4. // 2019/9/12 --- 11:5:26
[LOG] Sent TYPE3. Packet 103/301. // 2019/9/12 --- 11:5:26
[LOG] Waiting for TYPE4. // 2019/9/12 --- 11:5:26
[LOG] Sent TYPE3. Packet 104/301. // 2019/9/12 --- 11:5:26
[LOG] Waiting for TYPE4. // 2019/9/12 --- 11:5:26
[LOG] Sent TYPE3. Packet 105/301. // 2019/9/12 --- 11:5:26
[LOG] Waiting for TYPE4. // 2019/9/12 --- 11:5:26
[LOG] Sent TYPE3. Packet 106/301. // 2019/9/12 --- 11:5:26
[LOG] Waiting for TYPE4. // 2019/9/12 --- 11:5:26
[LOG] Sent TYPE3. Packet 107/301. // 2019/9/12 --- 11:5:26
[LOG] Waiting for TYPE4. // 2019/9/12 --- 11:5:27
[LOG] Sent TYPE3. Packet 108/301. // 2019/9/12 --- 11:5:27
[LOG] Waiting for TYPE4. // 2019/9/12 --- 11:5:27
[LOG] Sent TYPE3. Packet 109/301. // 2019/9/12 --- 11:5:27
[LOG] Waiting for TYPE4. // 2019/9/12 --- 11:5:27
[LOG] Sent TYPE3. Packet 110/301. // 2019/9/12 --- 11:5:27
[LOG] Waiting for TYPE4. // 2019/9/12 --- 11:5:27
[LOG] Sent TYPE3. Packet 111/301. // 2019/9/12 --- 11:5:27
[LOG] Waiting for TYPE4. // 2019/9/12 --- 11:5:27
[LOG] Sent TYPE3. Packet 112/301. // 2019/9/12 --- 11:5:27
[LOG] Waiting for TYPE4. // 2019/9/12 --- 11:5:27
[LOG] Sent TYPE3. Packet 113/301. // 2019/9/12 --- 11:5:27
[LOG] Waiting for TYPE4. // 2019/9/12 --- 11:5:27
[LOG] Sent TYPE3. Packet 114/301. // 2019/9/12 --- 11:5:27
[LOG] Waiting for TYPE4. // 2019/9/12 --- 11:5:27
[LOG] Sent TYPE3. Packet 115/301. // 2019/9/12 --- 11:5:27
[LOG] Waiting for TYPE4. // 2019/9/12 --- 11:5:28
[LOG] Sent TYPE3. Packet 116/301. // 2019/9/12 --- 11:5:28
[LOG] Waiting for TYPE4. // 2019/9/12 --- 11:5:28
[LOG] Sent TYPE3. Packet 117/301. // 2019/9/12 --- 11:5:28
[LOG] Waiting for TYPE4. // 2019/9/12 --- 11:5:28
[LOG] Sent TYPE3. Packet 118/301. // 2019/9/12 --- 11:5:28
[LOG] Waiting for TYPE4. // 2019/9/12 --- 11:5:28
[LOG] Sent TYPE3. Packet 119/301. // 2019/9/12 --- 11:5:28
[LOG] Waiting for TYPE4. // 2019/9/12 --- 11:5:28
[LOG] Sent TYPE3. Packet 120/301. // 2019/9/12 --- 11:5:28
[LOG] Waiting for TYPE4. // 2019/9/12 --- 11:5:28
[LOG] Sent TYPE3. Packet 121/301. // 2019/9/12 --- 11:5:28
[LOG] Waiting for TYPE4. // 2019/9/12 --- 11:5:28
[LOG] Sent TYPE3. Packet 122/301. // 2019/9/12 --- 11:5:28
[LOG] Waiting for TYPE4. // 2019/9/12 --- 11:5:28
[LOG] Sent TYPE3. Packet 123/301. // 2019/9/12 --- 11:5:28
[LOG] Waiting for TYPE4. // 2019/9/12 --- 11:5:28
[LOG] Sent TYPE3. Packet 124/301. // 2019/9/12 --- 11:5:29
[LOG] Waiting for TYPE4. // 2019/9/12 --- 11:5:29
[LOG] Sent TYPE3. Packet 125/301. // 2019/9/12 --- 11:5:29
[LOG] Waiting for TYPE4. // 2019/9/12 --- 11:5:29
[LOG] Sent TYPE3. Packet 126/301. // 2019/9/12 --- 11:5:29
[LOG] Waiting for TYPE4. // 2019/9/12 --- 11:5:29
[LOG] Sent TYPE3. Packet 127/301. // 2019/9/12 --- 11:5:29
[LOG] Waiting for TYPE4. // 2019/9/12 --- 11:5:29
[LOG] Sent TYPE3. Packet 128/301. // 2019/9/12 --- 11:5:29
[LOG] Waiting for TYPE4. // 2019/9/12 --- 11:5:29
[LOG] Sent TYPE3. Packet 129/301. // 2019/9/12 --- 11:5:29
[LOG] Waiting for TYPE4. // 2019/9/12 --- 11:5:29
[LOG] Sent TYPE3. Packet 130/301. // 2019/9/12 --- 11:5:29
[LOG] Waiting for TYPE4. // 2019/9/12 --- 11:5:29
[LOG] Sent TYPE3. Packet 131/301. // 2019/9/12 --- 11:5:29
[LOG] Waiting for TYPE4. // 2019/9/12 --- 11:5:29
[LOG] Sent TYPE3. Packet 132/301. // 2019/9/12 --- 11:5:30
[LOG] Waiting for TYPE4. // 2019/9/12 --- 11:5:30
[LOG] Sent TYPE3. Packet 133/301. // 2019/9/12 --- 11:5:30
[LOG] Waiting for TYPE4. // 2019/9/12 --- 11:5:30
[LOG] Sent TYPE3. Packet 134/301. // 2019/9/12 --- 11:5:30
[LOG] Waiting for TYPE4. // 2019/9/12 --- 11:5:30
[LOG] Sent TYPE3. Packet 135/301. // 2019/9/12 --- 11:5:30
[LOG] Waiting for TYPE4. // 2019/9/12 --- 11:5:30
[LOG] Sent TYPE3. Packet 136/301. // 2019/9/12 --- 11:5:30
[LOG] Waiting for TYPE4. // 2019/9/12 --- 11:5:30
[LOG] Sent TYPE3. Packet 137/301. // 2019/9/12 --- 11:5:30
[LOG] Waiting for TYPE4. // 2019/9/12 --- 11:5:30
[LOG] Sent TYPE3. Packet 138/301. // 2019/9/12 --- 11:5:30
[LOG] Waiting for TYPE4. // 2019/9/12 --- 11:5:30
[LOG] Sent TYPE3. Packet 139/301. // 2019/9/12 --- 11:5:30
[LOG] Waiting for TYPE4. // 2019/9/12 --- 11:5:30
[LOG] Sent TYPE3. Packet 140/301. // 2019/9/12 --- 11:5:31
[LOG] Waiting for TYPE4. // 2019/9/12 --- 11:5:31
[LOG] Sent TYPE3. Packet 141/301. // 2019/9/12 --- 11:5:31
[LOG] Waiting for TYPE4. // 2019/9/12 --- 11:5:31
[LOG] Sent TYPE3. Packet 142/301. // 2019/9/12 --- 11:5:31
[LOG] Waiting for TYPE4. // 2019/9/12 --- 11:5:31
[LOG] Sent TYPE3. Packet 143/301. // 2019/9/12 --- 11:5:31
[LOG] Waiting for TYPE4. // 2019/9/12 --- 11:5:31
[LOG] Sent TYPE3. Packet 144/301. // 2019/9/12 --- 11:5:31
[LOG] Waiting for TYPE4. // 2019/9/12 --- 11:5:31
[LOG] Sent TYPE3. Packet 145/301. // 2019/9/12 --- 11:5:31
[LOG] Waiting for TYPE4. // 2019/9/12 --- 11:5:31
[LOG] Sent TYPE3. Packet 146/301. // 2019/9/12 --- 11:5:31
[LOG] Waiting for TYPE4. // 2019/9/12 --- 11:5:31
[LOG] Sent TYPE3. Packet 147/301. // 2019/9/12 --- 11:5:31
[LOG] Waiting for TYPE4. // 2019/9/12 --- 11:5:32
[LOG] Sent TYPE3. Packet 148/301. // 2019/9/12 --- 11:5:32
[LOG] Waiting for TYPE4. // 2019/9/12 --- 11:5:32
[LOG] Sent TYPE3. Packet 149/301. // 2019/9/12 --- 11:5:32
[LOG] Waiting for TYPE4. // 2019/9/12 --- 11:5:32
[LOG] Sent TYPE3. Packet 150/301. // 2019/9/12 --- 11:5:32
[LOG] Waiting for TYPE4. // 2019/9/12 --- 11:5:32
[LOG] Sent TYPE3. Packet 151/301. // 2019/9/12 --- 11:5:32
[LOG] Waiting for TYPE4. // 2019/9/12 --- 11:5:32
[LOG] Sent TYPE3. Packet 152/301. // 2019/9/12 --- 11:5:32
[LOG] Waiting for TYPE4. // 2019/9/12 --- 11:5:32
[LOG] Sent TYPE3. Packet 153/301. // 2019/9/12 --- 11:5:32
[LOG] Waiting for TYPE4. // 2019/9/12 --- 11:5:32
[LOG] Sent TYPE3. Packet 154/301. // 2019/9/12 --- 11:5:32
[LOG] Waiting for TYPE4. // 2019/9/12 --- 11:5:32
[LOG] Sent TYPE3. Packet 155/301. // 2019/9/12 --- 11:5:32
[LOG] Waiting for TYPE4. // 2019/9/12 --- 11:5:32
[LOG] Sent TYPE3. Packet 156/301. // 2019/9/12 --- 11:5:33
[LOG] Waiting for TYPE4. // 2019/9/12 --- 11:5:33
[LOG] Sent TYPE3. Packet 157/301. // 2019/9/12 --- 11:5:33
[LOG] Waiting for TYPE4. // 2019/9/12 --- 11:5:33
[LOG] Sent TYPE3. Packet 158/301. // 2019/9/12 --- 11:5:33
[LOG] Waiting for TYPE4. // 2019/9/12 --- 11:5:33
[LOG] Sent TYPE3. Packet 159/301. // 2019/9/12 --- 11:5:33
[LOG] Waiting for TYPE4. // 2019/9/12 --- 11:5:33
[LOG] Sent TYPE3. Packet 160/301. // 2019/9/12 --- 11:5:33
[LOG] Waiting for TYPE4. // 2019/9/12 --- 11:5:33
[LOG] Sent TYPE3. Packet 161/301. // 2019/9/12 --- 11:5:33
[LOG] Waiting for TYPE4. // 2019/9/12 --- 11:5:33
[LOG] Sent TYPE3. Packet 162/301. // 2019/9/12 --- 11:5:33
[LOG] Waiting for TYPE4. // 2019/9/12 --- 11:5:33
[LOG] Sent TYPE3. Packet 163/301. // 2019/9/12 --- 11:5:33
[LOG] Waiting for TYPE4. // 2019/9/12 --- 11:5:33
[LOG] Sent TYPE3. Packet 164/301. // 2019/9/12 --- 11:5:34
[LOG] Waiting for TYPE4. // 2019/9/12 --- 11:5:34
[LOG] Sent TYPE3. Packet 165/301. // 2019/9/12 --- 11:5:34
[LOG] Waiting for TYPE4. // 2019/9/12 --- 11:5:34
[LOG] Sent TYPE3. Packet 166/301. // 2019/9/12 --- 11:5:34
[LOG] Waiting for TYPE4. // 2019/9/12 --- 11:5:34
[LOG] Sent TYPE3. Packet 167/301. // 2019/9/12 --- 11:5:34
[LOG] Waiting for TYPE4. // 2019/9/12 --- 11:5:34
[LOG] Sent TYPE3. Packet 168/301. // 2019/9/12 --- 11:5:34
[LOG] Waiting for TYPE4. // 2019/9/12 --- 11:5:34
[LOG] Sent TYPE3. Packet 169/301. // 2019/9/12 --- 11:5:34
[LOG] Waiting for TYPE4. // 2019/9/12 --- 11:5:34
[LOG] Sent TYPE3. Packet 170/301. // 2019/9/12 --- 11:5:34
[LOG] Waiting for TYPE4. // 2019/9/12 --- 11:5:34
[LOG] Sent TYPE3. Packet 171/301. // 2019/9/12 --- 11:5:34
[LOG] Waiting for TYPE4. // 2019/9/12 --- 11:5:34
[LOG] Sent TYPE3. Packet 172/301. // 2019/9/12 --- 11:5:35
[LOG] Waiting for TYPE4. // 2019/9/12 --- 11:5:35
[LOG] Sent TYPE3. Packet 173/301. // 2019/9/12 --- 11:5:35
[LOG] Waiting for TYPE4. // 2019/9/12 --- 11:5:35
[LOG] Sent TYPE3. Packet 174/301. // 2019/9/12 --- 11:5:35
[LOG] Waiting for TYPE4. // 2019/9/12 --- 11:5:35
[LOG] Sent TYPE3. Packet 175/301. // 2019/9/12 --- 11:5:35
[LOG] Waiting for TYPE4. // 2019/9/12 --- 11:5:35
[LOG] Sent TYPE3. Packet 176/301. // 2019/9/12 --- 11:5:35
[LOG] Waiting for TYPE4. // 2019/9/12 --- 11:5:35
[LOG] Sent TYPE3. Packet 177/301. // 2019/9/12 --- 11:5:35
[LOG] Waiting for TYPE4. // 2019/9/12 --- 11:5:35
[LOG] Sent TYPE3. Packet 178/301. // 2019/9/12 --- 11:5:35
[LOG] Waiting for TYPE4. // 2019/9/12 --- 11:5:35
[LOG] Sent TYPE3. Packet 179/301. // 2019/9/12 --- 11:5:35
[LOG] Waiting for TYPE4. // 2019/9/12 --- 11:5:35
[LOG] Sent TYPE3. Packet 180/301. // 2019/9/12 --- 11:5:36
[LOG] Waiting for TYPE4. // 2019/9/12 --- 11:5:36
[LOG] Sent TYPE3. Packet 181/301. // 2019/9/12 --- 11:5:36
[LOG] Waiting for TYPE4. // 2019/9/12 --- 11:5:36
[LOG] Sent TYPE3. Packet 182/301. // 2019/9/12 --- 11:5:36
[LOG] Waiting for TYPE4. // 2019/9/12 --- 11:5:36
[LOG] Sent TYPE3. Packet 183/301. // 2019/9/12 --- 11:5:36
[LOG] Waiting for TYPE4. // 2019/9/12 --- 11:5:36
[LOG] Sent TYPE3. Packet 184/301. // 2019/9/12 --- 11:5:36
[LOG] Waiting for TYPE4. // 2019/9/12 --- 11:5:36
[LOG] Sent TYPE3. Packet 185/301. // 2019/9/12 --- 11:5:36
[LOG] Waiting for TYPE4. // 2019/9/12 --- 11:5:36
[LOG] Sent TYPE3. Packet 186/301. // 2019/9/12 --- 11:5:36
[LOG] Waiting for TYPE4. // 2019/9/12 --- 11:5:36
[LOG] Sent TYPE3. Packet 187/301. // 2019/9/12 --- 11:5:36
[LOG] Waiting for TYPE4. // 2019/9/12 --- 11:5:36
[LOG] Sent TYPE3. Packet 188/301. // 2019/9/12 --- 11:5:37
[LOG] Waiting for TYPE4. // 2019/9/12 --- 11:5:37
[LOG] Sent TYPE3. Packet 189/301. // 2019/9/12 --- 11:5:37
[LOG] Waiting for TYPE4. // 2019/9/12 --- 11:5:37
[LOG] Sent TYPE3. Packet 190/301. // 2019/9/12 --- 11:5:37
[LOG] Waiting for TYPE4. // 2019/9/12 --- 11:5:37
[LOG] Sent TYPE3. Packet 191/301. // 2019/9/12 --- 11:5:37
[LOG] Waiting for TYPE4. // 2019/9/12 --- 11:5:37
[LOG] Sent TYPE3. Packet 192/301. // 2019/9/12 --- 11:5:37
[LOG] Waiting for TYPE4. // 2019/9/12 --- 11:5:37
[LOG] Sent TYPE3. Packet 193/301. // 2019/9/12 --- 11:5:37
[LOG] Waiting for TYPE4. // 2019/9/12 --- 11:5:37
[LOG] Sent TYPE3. Packet 194/301. // 2019/9/12 --- 11:5:37
[LOG] Waiting for TYPE4. // 2019/9/12 --- 11:5:37
[LOG] Sent TYPE3. Packet 195/301. // 2019/9/12 --- 11:5:37
[LOG] Waiting for TYPE4. // 2019/9/12 --- 11:5:37
[LOG] Sent TYPE3. Packet 196/301. // 2019/9/12 --- 11:5:38
[LOG] Waiting for TYPE4. // 2019/9/12 --- 11:5:38
[LOG] Sent TYPE3. Packet 197/301. // 2019/9/12 --- 11:5:38
[LOG] Waiting for TYPE4. // 2019/9/12 --- 11:5:38
[LOG] Sent TYPE3. Packet 198/301. // 2019/9/12 --- 11:5:38
[LOG] Waiting for TYPE4. // 2019/9/12 --- 11:5:38
[LOG] Sent TYPE3. Packet 199/301. // 2019/9/12 --- 11:5:38
[LOG] Waiting for TYPE4. // 2019/9/12 --- 11:5:38
[LOG] Sent TYPE3. Packet 200/301. // 2019/9/12 --- 11:5:38
[LOG] Waiting for TYPE4. // 2019/9/12 --- 11:5:38
[LOG] Sent TYPE3. Packet 201/301. // 2019/9/12 --- 11:5:38
[LOG] Waiting for TYPE4. // 2019/9/12 --- 11:5:38
[LOG] Sent TYPE3. Packet 202/301. // 2019/9/12 --- 11:5:38
[LOG] Waiting for TYPE4. // 2019/9/12 --- 11:5:38
[LOG] Sent TYPE3. Packet 203/301. // 2019/9/12 --- 11:5:38
[LOG] Waiting for TYPE4. // 2019/9/12 --- 11:5:38
[LOG] Sent TYPE3. Packet 204/301. // 2019/9/12 --- 11:5:39
[LOG] Waiting for TYPE4. // 2019/9/12 --- 11:5:39
[LOG] Sent TYPE3. Packet 205/301. // 2019/9/12 --- 11:5:39
[LOG] Waiting for TYPE4. // 2019/9/12 --- 11:5:39
[LOG] Sent TYPE3. Packet 206/301. // 2019/9/12 --- 11:5:39
[LOG] Waiting for TYPE4. // 2019/9/12 --- 11:5:39
[LOG] Sent TYPE3. Packet 207/301. // 2019/9/12 --- 11:5:39
[LOG] Waiting for TYPE4. // 2019/9/12 --- 11:5:39
[LOG] Sent TYPE3. Packet 208/301. // 2019/9/12 --- 11:5:39
[LOG] Waiting for TYPE4. // 2019/9/12 --- 11:5:39
[LOG] Sent TYPE3. Packet 209/301. // 2019/9/12 --- 11:5:39
[LOG] Waiting for TYPE4. // 2019/9/12 --- 11:5:39
[LOG] Sent TYPE3. Packet 210/301. // 2019/9/12 --- 11:5:39
[LOG] Waiting for TYPE4. // 2019/9/12 --- 11:5:39
[LOG] Sent TYPE3. Packet 211/301. // 2019/9/12 --- 11:5:39
[LOG] Waiting for TYPE4. // 2019/9/12 --- 11:5:39
[LOG] Sent TYPE3. Packet 212/301. // 2019/9/12 --- 11:5:40
[LOG] Waiting for TYPE4. // 2019/9/12 --- 11:5:40
[LOG] Sent TYPE3. Packet 213/301. // 2019/9/12 --- 11:5:40
[LOG] Waiting for TYPE4. // 2019/9/12 --- 11:5:40
[LOG] Sent TYPE3. Packet 214/301. // 2019/9/12 --- 11:5:40
[LOG] Waiting for TYPE4. // 2019/9/12 --- 11:5:40
[LOG] Sent TYPE3. Packet 215/301. // 2019/9/12 --- 11:5:40
[LOG] Waiting for TYPE4. // 2019/9/12 --- 11:5:40
[LOG] Sent TYPE3. Packet 216/301. // 2019/9/12 --- 11:5:40
[LOG] Waiting for TYPE4. // 2019/9/12 --- 11:5:40
[LOG] Sent TYPE3. Packet 217/301. // 2019/9/12 --- 11:5:40
[LOG] Waiting for TYPE4. // 2019/9/12 --- 11:5:40
[LOG] Sent TYPE3. Packet 218/301. // 2019/9/12 --- 11:5:40
[LOG] Waiting for TYPE4. // 2019/9/12 --- 11:5:40
[LOG] Sent TYPE3. Packet 219/301. // 2019/9/12 --- 11:5:40
[LOG] Waiting for TYPE4. // 2019/9/12 --- 11:5:40
[LOG] Sent TYPE3. Packet 220/301. // 2019/9/12 --- 11:5:41
[LOG] Waiting for TYPE4. // 2019/9/12 --- 11:5:41
[LOG] Sent TYPE3. Packet 221/301. // 2019/9/12 --- 11:5:41
[LOG] Waiting for TYPE4. // 2019/9/12 --- 11:5:41
[LOG] Sent TYPE3. Packet 222/301. // 2019/9/12 --- 11:5:41
[LOG] Waiting for TYPE4. // 2019/9/12 --- 11:5:41
[LOG] Sent TYPE3. Packet 223/301. // 2019/9/12 --- 11:5:41
[LOG] Waiting for TYPE4. // 2019/9/12 --- 11:5:41
[LOG] Sent TYPE3. Packet 224/301. // 2019/9/12 --- 11:5:41
[LOG] Waiting for TYPE4. // 2019/9/12 --- 11:5:41
[LOG] Sent TYPE3. Packet 225/301. // 2019/9/12 --- 11:5:41
[LOG] Waiting for TYPE4. // 2019/9/12 --- 11:5:41
[LOG] Sent TYPE3. Packet 226/301. // 2019/9/12 --- 11:5:41
[LOG] Waiting for TYPE4. // 2019/9/12 --- 11:5:41
[LOG] Sent TYPE3. Packet 227/301. // 2019/9/12 --- 11:5:41
[LOG] Waiting for TYPE4. // 2019/9/12 --- 11:5:42
[LOG] Sent TYPE3. Packet 228/301. // 2019/9/12 --- 11:5:42
[LOG] Waiting for TYPE4. // 2019/9/12 --- 11:5:42
[LOG] Sent TYPE3. Packet 229/301. // 2019/9/12 --- 11:5:42
[LOG] Waiting for TYPE4. // 2019/9/12 --- 11:5:42
[LOG] Sent TYPE3. Packet 230/301. // 2019/9/12 --- 11:5:42
[LOG] Waiting for TYPE4. // 2019/9/12 --- 11:5:42
[LOG] Sent TYPE3. Packet 231/301. // 2019/9/12 --- 11:5:42
[LOG] Waiting for TYPE4. // 2019/9/12 --- 11:5:42
[LOG] Sent TYPE3. Packet 232/301. // 2019/9/12 --- 11:5:42
[LOG] Waiting for TYPE4. // 2019/9/12 --- 11:5:42
[LOG] Sent TYPE3. Packet 233/301. // 2019/9/12 --- 11:5:42
[LOG] Waiting for TYPE4. // 2019/9/12 --- 11:5:42
[LOG] Sent TYPE3. Packet 234/301. // 2019/9/12 --- 11:5:42
[LOG] Waiting for TYPE4. // 2019/9/12 --- 11:5:42
[LOG] Sent TYPE3. Packet 235/301. // 2019/9/12 --- 11:5:43
[LOG] Waiting for TYPE4. // 2019/9/12 --- 11:5:43
[LOG] Sent TYPE3. Packet 236/301. // 2019/9/12 --- 11:5:43
[LOG] Waiting for TYPE4. // 2019/9/12 --- 11:5:43
[LOG] Sent TYPE3. Packet 237/301. // 2019/9/12 --- 11:5:43
[LOG] Waiting for TYPE4. // 2019/9/12 --- 11:5:43
[LOG] Sent TYPE3. Packet 238/301. // 2019/9/12 --- 11:5:43
[LOG] Waiting for TYPE4. // 2019/9/12 --- 11:5:43
[LOG] Sent TYPE3. Packet 239/301. // 2019/9/12 --- 11:5:43
[LOG] Waiting for TYPE4. // 2019/9/12 --- 11:5:43
[LOG] Sent TYPE3. Packet 240/301. // 2019/9/12 --- 11:5:43
[LOG] Waiting for TYPE4. // 2019/9/12 --- 11:5:43
[LOG] Sent TYPE3. Packet 241/301. // 2019/9/12 --- 11:5:43
[LOG] Waiting for TYPE4. // 2019/9/12 --- 11:5:43
[LOG] Sent TYPE3. Packet 242/301. // 2019/9/12 --- 11:5:43
[LOG] Waiting for TYPE4. // 2019/9/12 --- 11:5:43
[LOG] Sent TYPE3. Packet 243/301. // 2019/9/12 --- 11:5:44
[LOG] Waiting for TYPE4. // 2019/9/12 --- 11:5:44
[LOG] Sent TYPE3. Packet 244/301. // 2019/9/12 --- 11:5:44
[LOG] Waiting for TYPE4. // 2019/9/12 --- 11:5:44
[LOG] Sent TYPE3. Packet 245/301. // 2019/9/12 --- 11:5:44
[LOG] Waiting for TYPE4. // 2019/9/12 --- 11:5:44
[LOG] Sent TYPE3. Packet 246/301. // 2019/9/12 --- 11:5:44
[LOG] Waiting for TYPE4. // 2019/9/12 --- 11:5:44
[LOG] Sent TYPE3. Packet 247/301. // 2019/9/12 --- 11:5:44
[LOG] Waiting for TYPE4. // 2019/9/12 --- 11:5:44
[LOG] Sent TYPE3. Packet 248/301. // 2019/9/12 --- 11:5:44
[LOG] Waiting for TYPE4. // 2019/9/12 --- 11:5:44
[LOG] Sent TYPE3. Packet 249/301. // 2019/9/12 --- 11:5:44
[LOG] Waiting for TYPE4. // 2019/9/12 --- 11:5:44
[LOG] Sent TYPE3. Packet 250/301. // 2019/9/12 --- 11:5:44
[LOG] Waiting for TYPE4. // 2019/9/12 --- 11:5:44
[LOG] Sent TYPE3. Packet 251/301. // 2019/9/12 --- 11:5:45
[LOG] Waiting for TYPE4. // 2019/9/12 --- 11:5:45
[LOG] Sent TYPE3. Packet 252/301. // 2019/9/12 --- 11:5:45
[LOG] Waiting for TYPE4. // 2019/9/12 --- 11:5:45
[LOG] Sent TYPE3. Packet 253/301. // 2019/9/12 --- 11:5:45
[LOG] Waiting for TYPE4. // 2019/9/12 --- 11:5:45
[LOG] Sent TYPE3. Packet 254/301. // 2019/9/12 --- 11:5:45
[LOG] Waiting for TYPE4. // 2019/9/12 --- 11:5:45
[LOG] Sent TYPE3. Packet 255/301. // 2019/9/12 --- 11:5:45
[LOG] Waiting for TYPE4. // 2019/9/12 --- 11:5:45
[LOG] Sent TYPE3. Packet 256/301. // 2019/9/12 --- 11:5:45
[LOG] Waiting for TYPE4. // 2019/9/12 --- 11:5:45
[LOG] Sent TYPE3. Packet 257/301. // 2019/9/12 --- 11:5:45
[LOG] Waiting for TYPE4. // 2019/9/12 --- 11:5:45
[LOG] Sent TYPE3. Packet 258/301. // 2019/9/12 --- 11:5:45
[LOG] Waiting for TYPE4. // 2019/9/12 --- 11:5:46
[LOG] Sent TYPE3. Packet 259/301. // 2019/9/12 --- 11:5:46
[LOG] Waiting for TYPE4. // 2019/9/12 --- 11:5:46
[LOG] Sent TYPE3. Packet 260/301. // 2019/9/12 --- 11:5:46
[LOG] Waiting for TYPE4. // 2019/9/12 --- 11:5:46
[LOG] Sent TYPE3. Packet 261/301. // 2019/9/12 --- 11:5:46
[LOG] Waiting for TYPE4. // 2019/9/12 --- 11:5:46
[LOG] Sent TYPE3. Packet 262/301. // 2019/9/12 --- 11:5:46
[LOG] Waiting for TYPE4. // 2019/9/12 --- 11:5:46
[LOG] Sent TYPE3. Packet 263/301. // 2019/9/12 --- 11:5:46
[LOG] Waiting for TYPE4. // 2019/9/12 --- 11:5:46
[LOG] Sent TYPE3. Packet 264/301. // 2019/9/12 --- 11:5:46
[LOG] Waiting for TYPE4. // 2019/9/12 --- 11:5:46
[LOG] Sent TYPE3. Packet 265/301. // 2019/9/12 --- 11:5:46
[LOG] Waiting for TYPE4. // 2019/9/12 --- 11:5:46
[LOG] Sent TYPE3. Packet 266/301. // 2019/9/12 --- 11:5:46
[LOG] Waiting for TYPE4. // 2019/9/12 --- 11:5:46
[LOG] Sent TYPE3. Packet 267/301. // 2019/9/12 --- 11:5:47
[LOG] Waiting for TYPE4. // 2019/9/12 --- 11:5:47
[LOG] Sent TYPE3. Packet 268/301. // 2019/9/12 --- 11:5:47
[LOG] Waiting for TYPE4. // 2019/9/12 --- 11:5:47
[LOG] Sent TYPE3. Packet 269/301. // 2019/9/12 --- 11:5:47
[LOG] Waiting for TYPE4. // 2019/9/12 --- 11:5:47
[LOG] Sent TYPE3. Packet 270/301. // 2019/9/12 --- 11:5:47
[LOG] Waiting for TYPE4. // 2019/9/12 --- 11:5:47
[LOG] Sent TYPE3. Packet 271/301. // 2019/9/12 --- 11:5:47
[LOG] Waiting for TYPE4. // 2019/9/12 --- 11:5:47
[LOG] Sent TYPE3. Packet 272/301. // 2019/9/12 --- 11:5:47
[LOG] Waiting for TYPE4. // 2019/9/12 --- 11:5:47
[LOG] Sent TYPE3. Packet 273/301. // 2019/9/12 --- 11:5:47
[LOG] Waiting for TYPE4. // 2019/9/12 --- 11:5:47
[LOG] Sent TYPE3. Packet 274/301. // 2019/9/12 --- 11:5:47
[LOG] Waiting for TYPE4. // 2019/9/12 --- 11:5:47
[LOG] Sent TYPE3. Packet 275/301. // 2019/9/12 --- 11:5:48
[LOG] Waiting for TYPE4. // 2019/9/12 --- 11:5:48
[LOG] Sent TYPE3. Packet 276/301. // 2019/9/12 --- 11:5:48
[LOG] Waiting for TYPE4. // 2019/9/12 --- 11:5:48
[LOG] Sent TYPE3. Packet 277/301. // 2019/9/12 --- 11:5:48
[LOG] Waiting for TYPE4. // 2019/9/12 --- 11:5:48
[LOG] Sent TYPE3. Packet 278/301. // 2019/9/12 --- 11:5:48
[LOG] Waiting for TYPE4. // 2019/9/12 --- 11:5:48
[LOG] Sent TYPE3. Packet 279/301. // 2019/9/12 --- 11:5:48
[LOG] Waiting for TYPE4. // 2019/9/12 --- 11:5:48
[LOG] Sent TYPE3. Packet 280/301. // 2019/9/12 --- 11:5:48
[LOG] Waiting for TYPE4. // 2019/9/12 --- 11:5:48
[LOG] Sent TYPE3. Packet 281/301. // 2019/9/12 --- 11:5:48
[LOG] Waiting for TYPE4. // 2019/9/12 --- 11:5:48
[LOG] Sent TYPE3. Packet 282/301. // 2019/9/12 --- 11:5:48
[LOG] Waiting for TYPE4. // 2019/9/12 --- 11:5:48
[LOG] Sent TYPE3. Packet 283/301. // 2019/9/12 --- 11:5:49
[LOG] Waiting for TYPE4. // 2019/9/12 --- 11:5:49
[LOG] Sent TYPE3. Packet 284/301. // 2019/9/12 --- 11:5:49
[LOG] Waiting for TYPE4. // 2019/9/12 --- 11:5:49
[LOG] Sent TYPE3. Packet 285/301. // 2019/9/12 --- 11:5:49
[LOG] Waiting for TYPE4. // 2019/9/12 --- 11:5:49
[LOG] Sent TYPE3. Packet 286/301. // 2019/9/12 --- 11:5:49
[LOG] Waiting for TYPE4. // 2019/9/12 --- 11:5:49
[LOG] Sent TYPE3. Packet 287/301. // 2019/9/12 --- 11:5:49
[LOG] Waiting for TYPE4. // 2019/9/12 --- 11:5:49
[LOG] Sent TYPE3. Packet 288/301. // 2019/9/12 --- 11:5:49
[LOG] Waiting for TYPE4. // 2019/9/12 --- 11:5:49
[LOG] Sent TYPE3. Packet 289/301. // 2019/9/12 --- 11:5:49
[LOG] Waiting for TYPE4. // 2019/9/12 --- 11:5:49
[LOG] Sent TYPE3. Packet 290/301. // 2019/9/12 --- 11:5:49
[LOG] Waiting for TYPE4. // 2019/9/12 --- 11:5:49
[LOG] Sent TYPE3. Packet 291/301. // 2019/9/12 --- 11:5:50
[LOG] Waiting for TYPE4. // 2019/9/12 --- 11:5:50
[LOG] Sent TYPE3. Packet 292/301. // 2019/9/12 --- 11:5:50
[LOG] Waiting for TYPE4. // 2019/9/12 --- 11:5:50
[LOG] Sent TYPE3. Packet 293/301. // 2019/9/12 --- 11:5:50
[LOG] Waiting for TYPE4. // 2019/9/12 --- 11:5:50
[LOG] Sent TYPE3. Packet 294/301. // 2019/9/12 --- 11:5:50
[LOG] Waiting for TYPE4. // 2019/9/12 --- 11:5:50
[LOG] Sent TYPE3. Packet 295/301. // 2019/9/12 --- 11:5:50
[LOG] Waiting for TYPE4. // 2019/9/12 --- 11:5:50
[LOG] Sent TYPE3. Packet 296/301. // 2019/9/12 --- 11:5:50
[LOG] Waiting for TYPE4. // 2019/9/12 --- 11:5:50
[LOG] Sent TYPE3. Packet 297/301. // 2019/9/12 --- 11:5:50
[LOG] Waiting for TYPE4. // 2019/9/12 --- 11:5:50
[LOG] Sent TYPE3. Packet 298/301. // 2019/9/12 --- 11:5:50
[LOG] Waiting for TYPE4. // 2019/9/12 --- 11:5:50
[LOG] Sent TYPE3. Packet 299/301. // 2019/9/12 --- 11:5:51
[LOG] Waiting for TYPE4. // 2019/9/12 --- 11:5:51
[LOG] Sent TYPE3. Packet 300/301. // 2019/9/12 --- 11:5:51
[LOG] Waiting for TYPE4. // 2019/9/12 --- 11:5:51
[LOG] Sent TYPE3. Packet 301/301. // 2019/9/12 --- 11:5:51
[LOG] Waiting for TYPE4. // 2019/9/12 --- 11:5:51
[LOG] File sent sucessfully. // 2019/9/12 --- 11:5:51
[ERROR] No file selected. Aborting. // 2019/9/12 --- 11:6:9
[LOG] Trying to establish connection to the serial port. // 2019/9/12 --- 11:9:5
[LOG] Connection to the serial port established. // 2019/9/12 --- 11:9:5
[LOG] Port used: /dev/ttyACM1 // 2019/9/12 --- 11:9:5
[LOG] Selected file: /home/henryrocha/pCloudDrive/Insper/4o Semestre/Camada Física da Computação/CamadaFisica/Projeto4/water4k.jpg // 2019/9/12 --- 11:9:7
[LOG] File size: 1171971 bytes // 2019/9/12 --- 11:9:7
[LOG] Sent TYPE1. // 2019/9/12 --- 11:9:8
[LOG] Waiting for TYPE2. // 2019/9/12 --- 11:9:8
[LOG] Sent TYPE3. Packet 1/9157. // 2019/9/12 --- 11:9:8
[LOG] Waiting for TYPE4. // 2019/9/12 --- 11:9:8
[LOG] Sent TYPE3. Packet 2/9157. // 2019/9/12 --- 11:9:8
[LOG] Waiting for TYPE4. // 2019/9/12 --- 11:9:8
[LOG] Sent TYPE3. Packet 3/9157. // 2019/9/12 --- 11:9:8
[LOG] Waiting for TYPE4. // 2019/9/12 --- 11:9:8
[LOG] Sent TYPE3. Packet 4/9157. // 2019/9/12 --- 11:9:8
[LOG] Waiting for TYPE4. // 2019/9/12 --- 11:9:8
[LOG] Sent TYPE3. Packet 5/9157. // 2019/9/12 --- 11:9:8
[LOG] Waiting for TYPE4. // 2019/9/12 --- 11:9:8
[LOG] Sent TYPE3. Packet 6/9157. // 2019/9/12 --- 11:9:8
[LOG] Waiting for TYPE4. // 2019/9/12 --- 11:9:8
[LOG] Sent TYPE3. Packet 7/9157. // 2019/9/12 --- 11:9:8
[LOG] Waiting for TYPE4. // 2019/9/12 --- 11:9:8
[LOG] Sent TYPE3. Packet 8/9157. // 2019/9/12 --- 11:9:9
[LOG] Waiting for TYPE4. // 2019/9/12 --- 11:9:9
[LOG] Sent TYPE3. Packet 9/9157. // 2019/9/12 --- 11:9:9
[LOG] Waiting for TYPE4. // 2019/9/12 --- 11:9:9
[LOG] Sent TYPE3. Packet 10/9157. // 2019/9/12 --- 11:9:9
[LOG] Waiting for TYPE4. // 2019/9/12 --- 11:9:9
[LOG] Sent TYPE3. Packet 11/9157. // 2019/9/12 --- 11:9:9
[LOG] Waiting for TYPE4. // 2019/9/12 --- 11:9:9
[LOG] Sent TYPE3. Packet 12/9157. // 2019/9/12 --- 11:9:9
[LOG] Waiting for TYPE4. // 2019/9/12 --- 11:9:9
[LOG] Sent TYPE3. Packet 13/9157. // 2019/9/12 --- 11:9:9
[LOG] Waiting for TYPE4. // 2019/9/12 --- 11:9:9
[LOG] Sent TYPE3. Packet 14/9157. // 2019/9/12 --- 11:9:9
[LOG] Waiting for TYPE4. // 2019/9/12 --- 11:9:9
[LOG] Sent TYPE3. Packet 15/9157. // 2019/9/12 --- 11:9:9
[LOG] Waiting for TYPE4. // 2019/9/12 --- 11:9:9
[LOG] Sent TYPE3. Packet 16/9157. // 2019/9/12 --- 11:9:10
[LOG] Waiting for TYPE4. // 2019/9/12 --- 11:9:10
[LOG] Sent TYPE3. Packet 17/9157. // 2019/9/12 --- 11:9:10
[LOG] Waiting for TYPE4. // 2019/9/12 --- 11:9:10
[LOG] Sent TYPE3. Packet 18/9157. // 2019/9/12 --- 11:9:10
[LOG] Waiting for TYPE4. // 2019/9/12 --- 11:9:10
[LOG] Sent TYPE3. Packet 19/9157. // 2019/9/12 --- 11:9:10
[LOG] Waiting for TYPE4. // 2019/9/12 --- 11:9:10
[LOG] Sent TYPE3. Packet 20/9157. // 2019/9/12 --- 11:9:10
[LOG] Waiting for TYPE4. // 2019/9/12 --- 11:9:10
[LOG] Sent TYPE3. Packet 21/9157. // 2019/9/12 --- 11:9:10
[LOG] Waiting for TYPE4. // 2019/9/12 --- 11:9:10
[LOG] Sent TYPE3. Packet 22/9157. // 2019/9/12 --- 11:9:10
[LOG] Waiting for TYPE4. // 2019/9/12 --- 11:9:10
[LOG] Sent TYPE3. Packet 23/9157. // 2019/9/12 --- 11:9:10
[LOG] Waiting for TYPE4. // 2019/9/12 --- 11:9:11
[LOG] Sent TYPE3. Packet 24/9157. // 2019/9/12 --- 11:9:11
[LOG] Waiting for TYPE4. // 2019/9/12 --- 11:9:11
[LOG] Sent TYPE3. Packet 25/9157. // 2019/9/12 --- 11:9:11
[LOG] Waiting for TYPE4. // 2019/9/12 --- 11:9:11
[LOG] Sent TYPE3. Packet 26/9157. // 2019/9/12 --- 11:9:11
[LOG] Waiting for TYPE4. // 2019/9/12 --- 11:9:11
[LOG] Sent TYPE3. Packet 27/9157. // 2019/9/12 --- 11:9:11
[LOG] Waiting for TYPE4. // 2019/9/12 --- 11:9:11
[LOG] Sent TYPE3. Packet 28/9157. // 2019/9/12 --- 11:9:11
[LOG] Waiting for TYPE4. // 2019/9/12 --- 11:9:11
[LOG] Sent TYPE3. Packet 29/9157. // 2019/9/12 --- 11:9:11
[LOG] Waiting for TYPE4. // 2019/9/12 --- 11:9:11
[LOG] Sent TYPE3. Packet 30/9157. // 2019/9/12 --- 11:9:11
[LOG] Waiting for TYPE4. // 2019/9/12 --- 11:9:11
[LOG] Sent TYPE3. Packet 31/9157. // 2019/9/12 --- 11:9:11
[LOG] Waiting for TYPE4. // 2019/9/12 --- 11:9:11
[LOG] Sent TYPE3. Packet 32/9157. // 2019/9/12 --- 11:9:12
[LOG] Waiting for TYPE4. // 2019/9/12 --- 11:9:12
[LOG] Sent TYPE3. Packet 33/9157. // 2019/9/12 --- 11:9:12
[LOG] Waiting for TYPE4. // 2019/9/12 --- 11:9:12
[LOG] Sent TYPE3. Packet 34/9157. // 2019/9/12 --- 11:9:12
[LOG] Waiting for TYPE4. // 2019/9/12 --- 11:9:12
[LOG] Sent TYPE3. Packet 35/9157. // 2019/9/12 --- 11:9:12
[LOG] Waiting for TYPE4. // 2019/9/12 --- 11:9:12
[LOG] Sent TYPE3. Packet 36/9157. // 2019/9/12 --- 11:9:12
[LOG] Waiting for TYPE4. // 2019/9/12 --- 11:9:12
[LOG] Sent TYPE3. Packet 37/9157. // 2019/9/12 --- 11:9:12
[LOG] Waiting for TYPE4. // 2019/9/12 --- 11:9:12
[LOG] Sent TYPE3. Packet 38/9157. // 2019/9/12 --- 11:9:12
[LOG] Waiting for TYPE4. // 2019/9/12 --- 11:9:12
[LOG] Sent TYPE3. Packet 39/9157. // 2019/9/12 --- 11:9:12
[LOG] Waiting for TYPE4. // 2019/9/12 --- 11:9:12
[LOG] Sent TYPE3. Packet 40/9157. // 2019/9/12 --- 11:9:13
[LOG] Waiting for TYPE4. // 2019/9/12 --- 11:9:13
[LOG] Sent TYPE3. Packet 41/9157. // 2019/9/12 --- 11:9:13
[LOG] Waiting for TYPE4. // 2019/9/12 --- 11:9:13
[LOG] Sent TYPE3. Packet 42/9157. // 2019/9/12 --- 11:9:13
[LOG] Waiting for TYPE4. // 2019/9/12 --- 11:9:13
[LOG] Sent TYPE3. Packet 43/9157. // 2019/9/12 --- 11:9:13
[LOG] Waiting for TYPE4. // 2019/9/12 --- 11:9:13
[LOG] Sent TYPE3. Packet 44/9157. // 2019/9/12 --- 11:9:13
[LOG] Waiting for TYPE4. // 2019/9/12 --- 11:9:13
[LOG] Sent TYPE3. Packet 45/9157. // 2019/9/12 --- 11:9:13
[LOG] Waiting for TYPE4. // 2019/9/12 --- 11:9:13
[LOG] Sent TYPE3. Packet 46/9157. // 2019/9/12 --- 11:9:13
[LOG] Waiting for TYPE4. // 2019/9/12 --- 11:9:13
[LOG] Sent TYPE3. Packet 47/9157. // 2019/9/12 --- 11:9:13
[LOG] Waiting for TYPE4. // 2019/9/12 --- 11:9:13
[LOG] Sent TYPE3. Packet 48/9157. // 2019/9/12 --- 11:9:14
[LOG] Waiting for TYPE4. // 2019/9/12 --- 11:9:14
[LOG] Sent TYPE3. Packet 49/9157. // 2019/9/12 --- 11:9:14
[LOG] Waiting for TYPE4. // 2019/9/12 --- 11:9:14
[LOG] Sent TYPE3. Packet 50/9157. // 2019/9/12 --- 11:9:14
[LOG] Waiting for TYPE4. // 2019/9/12 --- 11:9:14
[LOG] Sent TYPE3. Packet 51/9157. // 2019/9/12 --- 11:9:14
[LOG] Waiting for TYPE4. // 2019/9/12 --- 11:9:14
[LOG] Sent TYPE3. Packet 52/9157. // 2019/9/12 --- 11:9:14
[LOG] Waiting for TYPE4. // 2019/9/12 --- 11:9:14
[LOG] Sent TYPE3. Packet 53/9157. // 2019/9/12 --- 11:9:14
[LOG] Waiting for TYPE4. // 2019/9/12 --- 11:9:14
[LOG] Sent TYPE3. Packet 54/9157. // 2019/9/12 --- 11:9:14
[LOG] Waiting for TYPE4. // 2019/9/12 --- 11:9:14
[LOG] Sent TYPE3. Packet 55/9157. // 2019/9/12 --- 11:9:14
[LOG] Waiting for TYPE4. // 2019/9/12 --- 11:9:14
[LOG] Sent TYPE3. Packet 56/9157. // 2019/9/12 --- 11:9:15
[LOG] Waiting for TYPE4. // 2019/9/12 --- 11:9:15
[LOG] Sent TYPE3. Packet 57/9157. // 2019/9/12 --- 11:9:15
[LOG] Waiting for TYPE4. // 2019/9/12 --- 11:9:15
[LOG] Sent TYPE3. Packet 58/9157. // 2019/9/12 --- 11:9:15
[LOG] Waiting for TYPE4. // 2019/9/12 --- 11:9:15
[LOG] Sent TYPE3. Packet 59/9157. // 2019/9/12 --- 11:9:15
[LOG] Waiting for TYPE4. // 2019/9/12 --- 11:9:15
[LOG] Sent TYPE3. Packet 60/9157. // 2019/9/12 --- 11:9:15
[LOG] Waiting for TYPE4. // 2019/9/12 --- 11:9:15
[LOG] Sent TYPE3. Packet 61/9157. // 2019/9/12 --- 11:9:15
[LOG] Waiting for TYPE4. // 2019/9/12 --- 11:9:15
[LOG] Sent TYPE3. Packet 62/9157. // 2019/9/12 --- 11:9:15
[LOG] Waiting for TYPE4. // 2019/9/12 --- 11:9:15
[LOG] Sent TYPE3. Packet 63/9157. // 2019/9/12 --- 11:9:15
[LOG] Waiting for TYPE4. // 2019/9/12 --- 11:9:15
[LOG] Sent TYPE3. Packet 64/9157. // 2019/9/12 --- 11:9:16
[LOG] Waiting for TYPE4. // 2019/9/12 --- 11:9:16
[LOG] Sent TYPE3. Packet 65/9157. // 2019/9/12 --- 11:9:16
[LOG] Waiting for TYPE4. // 2019/9/12 --- 11:9:16
[LOG] Sent TYPE3. Packet 66/9157. // 2019/9/12 --- 11:9:16
[LOG] Waiting for TYPE4. // 2019/9/12 --- 11:9:16
[LOG] Sent TYPE3. Packet 67/9157. // 2019/9/12 --- 11:9:16
[LOG] Waiting for TYPE4. // 2019/9/12 --- 11:9:16
[LOG] Sent TYPE3. Packet 68/9157. // 2019/9/12 --- 11:9:16
[LOG] Waiting for TYPE4. // 2019/9/12 --- 11:9:16
[LOG] Sent TYPE3. Packet 69/9157. // 2019/9/12 --- 11:9:16
[LOG] Waiting for TYPE4. // 2019/9/12 --- 11:9:16
[LOG] Sent TYPE3. Packet 70/9157. // 2019/9/12 --- 11:9:16
[LOG] Waiting for TYPE4. // 2019/9/12 --- 11:9:16
[LOG] Sent TYPE3. Packet 71/9157. // 2019/9/12 --- 11:9:16
[LOG] Waiting for TYPE4. // 2019/9/12 --- 11:9:16
[LOG] Sent TYPE3. Packet 72/9157. // 2019/9/12 --- 11:9:17
[LOG] Waiting for TYPE4. // 2019/9/12 --- 11:9:17
[LOG] Sent TYPE3. Packet 73/9157. // 2019/9/12 --- 11:9:17
[LOG] Waiting for TYPE4. // 2019/9/12 --- 11:9:17
[LOG] Sent TYPE3. Packet 74/9157. // 2019/9/12 --- 11:9:17
[LOG] Waiting for TYPE4. // 2019/9/12 --- 11:9:17
[LOG] Sent TYPE3. Packet 75/9157. // 2019/9/12 --- 11:9:17
[LOG] Waiting for TYPE4. // 2019/9/12 --- 11:9:17
[LOG] Sent TYPE3. Packet 76/9157. // 2019/9/12 --- 11:9:17
[LOG] Waiting for TYPE4. // 2019/9/12 --- 11:9:17
[LOG] Sent TYPE3. Packet 77/9157. // 2019/9/12 --- 11:9:17
[LOG] Waiting for TYPE4. // 2019/9/12 --- 11:9:17
[LOG] Sent TYPE3. Packet 78/9157. // 2019/9/12 --- 11:9:17
[LOG] Waiting for TYPE4. // 2019/9/12 --- 11:9:17
[LOG] Sent TYPE3. Packet 79/9157. // 2019/9/12 --- 11:9:17
[LOG] Waiting for TYPE4. // 2019/9/12 --- 11:9:17
[LOG] Sent TYPE3. Packet 80/9157. // 2019/9/12 --- 11:9:18
[LOG] Waiting for TYPE4. // 2019/9/12 --- 11:9:18
[LOG] Sent TYPE3. Packet 81/9157. // 2019/9/12 --- 11:9:18
[LOG] Waiting for TYPE4. // 2019/9/12 --- 11:9:18
[LOG] Sent TYPE3. Packet 82/9157. // 2019/9/12 --- 11:9:18
[LOG] Waiting for TYPE4. // 2019/9/12 --- 11:9:18
[LOG] Sent TYPE3. Packet 83/9157. // 2019/9/12 --- 11:9:18
[LOG] Waiting for TYPE4. // 2019/9/12 --- 11:9:18
[LOG] Sent TYPE3. Packet 84/9157. // 2019/9/12 --- 11:9:18
[LOG] Waiting for TYPE4. // 2019/9/12 --- 11:9:18
[LOG] Sent TYPE3. Packet 85/9157. // 2019/9/12 --- 11:9:18
[LOG] Waiting for TYPE4. // 2019/9/12 --- 11:9:18
[LOG] Sent TYPE3. Packet 86/9157. // 2019/9/12 --- 11:9:18
[LOG] Waiting for TYPE4. // 2019/9/12 --- 11:9:18
[LOG] Sent TYPE3. Packet 87/9157. // 2019/9/12 --- 11:9:18
[LOG] Waiting for TYPE4. // 2019/9/12 --- 11:9:19
[LOG] Sent TYPE3. Packet 88/9157. // 2019/9/12 --- 11:9:19
[LOG] Waiting for TYPE4. // 2019/9/12 --- 11:9:19
[LOG] Sent TYPE3. Packet 89/9157. // 2019/9/12 --- 11:9:19
[LOG] Waiting for TYPE4. // 2019/9/12 --- 11:9:19
[LOG] Sent TYPE3. Packet 90/9157. // 2019/9/12 --- 11:9:19
[LOG] Waiting for TYPE4. // 2019/9/12 --- 11:9:19
[LOG] Sent TYPE3. Packet 91/9157. // 2019/9/12 --- 11:9:19
[LOG] Waiting for TYPE4. // 2019/9/12 --- 11:9:19
[LOG] Sent TYPE3. Packet 92/9157. // 2019/9/12 --- 11:9:19
[LOG] Waiting for TYPE4. // 2019/9/12 --- 11:9:19
[LOG] Sent TYPE3. Packet 93/9157. // 2019/9/12 --- 11:9:19
[LOG] Waiting for TYPE4. // 2019/9/12 --- 11:9:19
[LOG] Sent TYPE3. Packet 94/9157. // 2019/9/12 --- 11:9:19
[LOG] Waiting for TYPE4. // 2019/9/12 --- 11:9:19
[LOG] Sent TYPE3. Packet 95/9157. // 2019/9/12 --- 11:9:19
[LOG] Waiting for TYPE4. // 2019/9/12 --- 11:9:19
[LOG] Sent TYPE3. Packet 96/9157. // 2019/9/12 --- 11:9:20
[LOG] Waiting for TYPE4. // 2019/9/12 --- 11:9:20
[LOG] Sent TYPE3. Packet 97/9157. // 2019/9/12 --- 11:9:20
[LOG] Waiting for TYPE4. // 2019/9/12 --- 11:9:20
[LOG] Sent TYPE3. Packet 98/9157. // 2019/9/12 --- 11:9:20
[LOG] Waiting for TYPE4. // 2019/9/12 --- 11:9:20
[LOG] Sent TYPE3. Packet 99/9157. // 2019/9/12 --- 11:9:20
[LOG] Waiting for TYPE4. // 2019/9/12 --- 11:9:20
[LOG] Sent TYPE3. Packet 100/9157. // 2019/9/12 --- 11:9:20
[LOG] Waiting for TYPE4. // 2019/9/12 --- 11:9:20
[LOG] Sent TYPE3. Packet 101/9157. // 2019/9/12 --- 11:9:20
[LOG] Waiting for TYPE4. // 2019/9/12 --- 11:9:20
[LOG] Sent TYPE3. Packet 102/9157. // 2019/9/12 --- 11:9:20
[LOG] Waiting for TYPE4. // 2019/9/12 --- 11:9:20
[LOG] Sent TYPE3. Packet 103/9157. // 2019/9/12 --- 11:9:20
[LOG] Waiting for TYPE4. // 2019/9/12 --- 11:9:21
[LOG] Sent TYPE3. Packet 104/9157. // 2019/9/12 --- 11:9:21
[LOG] Waiting for TYPE4. // 2019/9/12 --- 11:9:21
[LOG] Sent TYPE3. Packet 105/9157. // 2019/9/12 --- 11:9:21
[LOG] Waiting for TYPE4. // 2019/9/12 --- 11:9:21
[LOG] Sent TYPE3. Packet 106/9157. // 2019/9/12 --- 11:9:21
[LOG] Waiting for TYPE4. // 2019/9/12 --- 11:9:21
[LOG] Sent TYPE3. Packet 107/9157. // 2019/9/12 --- 11:9:21
[LOG] Waiting for TYPE4. // 2019/9/12 --- 11:9:21
[LOG] Sent TYPE3. Packet 108/9157. // 2019/9/12 --- 11:9:21
[LOG] Waiting for TYPE4. // 2019/9/12 --- 11:9:21
[LOG] Sent TYPE3. Packet 109/9157. // 2019/9/12 --- 11:9:21
[LOG] Waiting for TYPE4. // 2019/9/12 --- 11:9:21
[LOG] Sent TYPE3. Packet 110/9157. // 2019/9/12 --- 11:9:21
[LOG] Waiting for TYPE4. // 2019/9/12 --- 11:9:21
[LOG] Sent TYPE3. Packet 111/9157. // 2019/9/12 --- 11:9:22
[LOG] Waiting for TYPE4. // 2019/9/12 --- 11:9:22
[LOG] Sent TYPE3. Packet 112/9157. // 2019/9/12 --- 11:9:22
[LOG] Waiting for TYPE4. // 2019/9/12 --- 11:9:22
[LOG] Sent TYPE3. Packet 113/9157. // 2019/9/12 --- 11:9:22
[LOG] Waiting for TYPE4. // 2019/9/12 --- 11:9:22
[LOG] Sent TYPE3. Packet 114/9157. // 2019/9/12 --- 11:9:22
[LOG] Waiting for TYPE4. // 2019/9/12 --- 11:9:22
[LOG] Sent TYPE3. Packet 115/9157. // 2019/9/12 --- 11:9:22
[LOG] Waiting for TYPE4. // 2019/9/12 --- 11:9:22
[LOG] Sent TYPE3. Packet 116/9157. // 2019/9/12 --- 11:9:22
[LOG] Waiting for TYPE4. // 2019/9/12 --- 11:9:22
[LOG] Sent TYPE3. Packet 117/9157. // 2019/9/12 --- 11:9:22
[LOG] Waiting for TYPE4. // 2019/9/12 --- 11:9:22
[LOG] Sent TYPE3. Packet 118/9157. // 2019/9/12 --- 11:9:22
[LOG] Waiting for TYPE4. // 2019/9/12 --- 11:9:23
[LOG] Sent TYPE3. Packet 119/9157. // 2019/9/12 --- 11:9:23
[LOG] Waiting for TYPE4. // 2019/9/12 --- 11:9:23
[LOG] Sent TYPE3. Packet 120/9157. // 2019/9/12 --- 11:9:23
[LOG] Waiting for TYPE4. // 2019/9/12 --- 11:9:23
[LOG] Sent TYPE3. Packet 121/9157. // 2019/9/12 --- 11:9:23
[LOG] Waiting for TYPE4. // 2019/9/12 --- 11:9:23
[LOG] Sent TYPE3. Packet 122/9157. // 2019/9/12 --- 11:9:23
[LOG] Waiting for TYPE4. // 2019/9/12 --- 11:9:23
[LOG] Sent TYPE3. Packet 123/9157. // 2019/9/12 --- 11:9:23
[LOG] Waiting for TYPE4. // 2019/9/12 --- 11:9:23
[LOG] Sent TYPE3. Packet 124/9157. // 2019/9/12 --- 11:9:23
[LOG] Trying to establish connection to the serial port. // 2019/9/12 --- 11:9:31
[LOG] Connection to the serial port established. // 2019/9/12 --- 11:9:31
[LOG] Port used: /dev/ttyACM1 // 2019/9/12 --- 11:9:31
[LOG] Selected file: /home/henryrocha/pCloudDrive/Insper/4o Semestre/Camada Física da Computação/CamadaFisica/Projeto4/ztest.py // 2019/9/12 --- 11:9:33
[LOG] File size: 1269 bytes // 2019/9/12 --- 11:9:34
[LOG] Sent TYPE1. // 2019/9/12 --- 11:9:34
[LOG] Waiting for TYPE2. // 2019/9/12 --- 11:9:34
[LOG] Sent TYPE1. // 2019/9/12 --- 11:9:34
[LOG] Waiting for TYPE2. // 2019/9/12 --- 11:9:34
[LOG] Sent TYPE3. Packet 1/10. // 2019/9/12 --- 11:9:34
[LOG] Waiting for TYPE4. // 2019/9/12 --- 11:9:34
[ERROR] Packet 0 was invalid. Resending... // 2019/9/12 --- 11:9:34
[LOG] Sent TYPE3. Packet 0/10. // 2019/9/12 --- 11:9:34
[LOG] Waiting for TYPE4. // 2019/9/12 --- 11:9:34
[LOG] Sent TYPE3. Packet 0/10. // 2019/9/12 --- 11:9:39
[LOG] Waiting for TYPE4. // 2019/9/12 --- 11:9:39
[LOG] Sent TYPE3. Packet 0/10. // 2019/9/12 --- 11:9:44
[LOG] Waiting for TYPE4. // 2019/9/12 --- 11:9:44
[LOG] Sent TYPE3. Packet 0/10. // 2019/9/12 --- 11:9:49
[LOG] Waiting for TYPE4. // 2019/9/12 --- 11:9:49
