[LOG] Trying to establish connection to the serial port. || 2019/9/12 || 14:25:34
[LOG] Connection to the serial port established. || 2019/9/12 || 14:25:34
[LOG] Waiting for TYPE1 message... || 2019/9/12 || 14:25:35
[LOG] Waiting for TYPE1 message... || 2019/9/12 || 14:25:36
[LOG] Waiting for TYPE1 message... || 2019/9/12 || 14:25:37
[LOG] Waiting for TYPE1 message... || 2019/9/12 || 14:25:38
[LOG] Waiting for TYPE1 message... || 2019/9/12 || 14:25:39
[LOG] Received TYPE1. || 2019/9/12 || 14:25:40
[LOG] Sent TYPE2. || 2019/9/12 || 14:25:40
[LOG] Received TYPE2. || 2019/9/12 || 14:25:40
[LOG] Waiting for header of TYPE3. || 2019/9/12 || 14:25:40
[LOG] Packet: 1/24 || 2019/9/12 || 14:25:40
[LOG] Sent TYPE4. || 2019/9/12 || 14:25:40
[LOG] Waiting for header of TYPE3. || 2019/9/12 || 14:25:40
[LOG] Packet: 2/24 || 2019/9/12 || 14:25:40
[LOG] Sent TYPE4. || 2019/9/12 || 14:25:40
[LOG] Waiting for header of TYPE3. || 2019/9/12 || 14:25:40
[LOG] Packet: 3/24 || 2019/9/12 || 14:25:40
[LOG] Sent TYPE4. || 2019/9/12 || 14:25:40
[LOG] Waiting for header of TYPE3. || 2019/9/12 || 14:25:40
[LOG] Packet: 4/24 || 2019/9/12 || 14:25:40
[LOG] Sent TYPE4. || 2019/9/12 || 14:25:41
[LOG] Waiting for header of TYPE3. || 2019/9/12 || 14:25:41
[LOG] Packet: 5/24 || 2019/9/12 || 14:25:41
[LOG] Sent TYPE4. || 2019/9/12 || 14:25:41
[LOG] Waiting for header of TYPE3. || 2019/9/12 || 14:25:41
[LOG] Packet: 6/24 || 2019/9/12 || 14:25:41
[LOG] Sent TYPE4. || 2019/9/12 || 14:25:41
[LOG] Waiting for header of TYPE3. || 2019/9/12 || 14:25:41
[LOG] Packet: 7/24 || 2019/9/12 || 14:25:41
[LOG] Sent TYPE4. || 2019/9/12 || 14:25:41
[LOG] Waiting for header of TYPE3. || 2019/9/12 || 14:25:41
[LOG] Packet: 8/24 || 2019/9/12 || 14:25:41
[LOG] Sent TYPE4. || 2019/9/12 || 14:25:41
[LOG] Waiting for header of TYPE3. || 2019/9/12 || 14:25:41
[LOG] Waiting for header of TYPE3. || 2019/9/12 || 14:25:42
[LOG] Sent TYPE6. Expected packet is 9 || 2019/9/12 || 14:25:43
[LOG] Waiting for header of TYPE3. || 2019/9/12 || 14:25:43
[LOG] Sent TYPE6. Expected packet is 9 || 2019/9/12 || 14:25:44
[LOG] Waiting for header of TYPE3. || 2019/9/12 || 14:25:44
[LOG] Packet: 9/24 || 2019/9/12 || 14:25:44
[LOG] Sent TYPE4. || 2019/9/12 || 14:25:44
[LOG] Sent TYPE6. Expected packet is 10 || 2019/9/12 || 14:25:44
[LOG] Waiting for header of TYPE3. || 2019/9/12 || 14:25:45
[LOG] Packet: 10/24 || 2019/9/12 || 14:25:45
[LOG] Sent TYPE4. || 2019/9/12 || 14:25:45
[LOG] Waiting for header of TYPE3. || 2019/9/12 || 14:25:45
[LOG] Packet: 11/24 || 2019/9/12 || 14:25:45
[LOG] Sent TYPE4. || 2019/9/12 || 14:25:45
[LOG] Waiting for header of TYPE3. || 2019/9/12 || 14:25:45
[LOG] Packet: 12/24 || 2019/9/12 || 14:25:45
[LOG] Sent TYPE4. || 2019/9/12 || 14:25:45
[LOG] Waiting for header of TYPE3. || 2019/9/12 || 14:25:45
[LOG] Packet: 13/24 || 2019/9/12 || 14:25:45
[LOG] Sent TYPE4. || 2019/9/12 || 14:25:45
[LOG] Waiting for header of TYPE3. || 2019/9/12 || 14:25:45
[LOG] Packet: 14/24 || 2019/9/12 || 14:25:45
[LOG] Sent TYPE4. || 2019/9/12 || 14:25:45
[LOG] Waiting for header of TYPE3. || 2019/9/12 || 14:25:45
[LOG] Packet: 15/24 || 2019/9/12 || 14:25:45
[LOG] Sent TYPE4. || 2019/9/12 || 14:25:45
[LOG] Waiting for header of TYPE3. || 2019/9/12 || 14:25:45
[LOG] Packet: 16/24 || 2019/9/12 || 14:25:45
[LOG] Sent TYPE4. || 2019/9/12 || 14:25:45
[LOG] Waiting for header of TYPE3. || 2019/9/12 || 14:25:45
[LOG] Packet: 17/24 || 2019/9/12 || 14:25:45
[LOG] Sent TYPE4. || 2019/9/12 || 14:25:45
[LOG] Waiting for header of TYPE3. || 2019/9/12 || 14:25:45
[LOG] Packet: 18/24 || 2019/9/12 || 14:25:46
[LOG] Sent TYPE4. || 2019/9/12 || 14:25:46
[LOG] Waiting for header of TYPE3. || 2019/9/12 || 14:25:46
[LOG] Packet: 19/24 || 2019/9/12 || 14:25:46
[LOG] Sent TYPE4. || 2019/9/12 || 14:25:46
[LOG] Waiting for header of TYPE3. || 2019/9/12 || 14:25:46
[LOG] Packet: 20/24 || 2019/9/12 || 14:25:46
[LOG] Waiting for TYPE1 message... || 2019/9/12 || 14:25:47
[LOG] Waiting for TYPE1 message... || 2019/9/12 || 14:25:48
[LOG] Waiting for TYPE1 message... || 2019/9/12 || 14:25:49
[LOG] Waiting for TYPE1 message... || 2019/9/12 || 14:25:51
[LOG] Waiting for TYPE1 message... || 2019/9/12 || 14:25:52
[LOG] Waiting for TYPE1 message... || 2019/9/12 || 14:25:53
[LOG] Waiting for TYPE1 message... || 2019/9/12 || 14:25:54
